Tue Mar 24 00:58:00 CST 2020SVC(C=1, break_ties=False, cache_size=200, class_weight=None, coef0=0.0,
    decision_function_shape=ovr, degree=3, gamma=0.05, kernel=rbf,
    max_iter=-1, probability=True, random_state=None, shrinking=True, tol=0.001,
    verbose=False)
ACC_mean=0.6070249999999999
SN_mean=0.0
SP_mean=0.0
MCC_mean=0.48043483091130507
AUC_mean=0.0
Wed Mar 25 18:06:01 CST 2020SVC(C=1, break_ties=False, cache_size=200, class_weight=None, coef0=0.0,
    decision_function_shape=ovr, degree=3, gamma=0.05, kernel=rbf,
    max_iter=-1, probability=True, random_state=None, shrinking=True, tol=0.001,
    verbose=False)
ACC_mean=0.40451999999999994
SN_mean=0.0
SP_mean=0.0
MCC_mean=0.34524909386481545
AUC_mean=0.0
Thu 30 Apr 2020 12:44:14 AM CSTSVC(C=1, break_ties=False, cache_size=200, class_weight=None, coef0=0.0,
    decision_function_shape=ovr, degree=3, gamma=0.05, kernel=rbf,
    max_iter=-1, probability=True, random_state=None, shrinking=True, tol=0.001,
    verbose=False)
ACC_mean=0.6517750000000001
SN_mean=0.0
SP_mean=0.0
MCC_mean=0.3485528960587442
AUC_mean=0.0
Tue 12 May 2020 01:59:01 AM CSTSVC(C=1, break_ties=False, cache_size=200, class_weight=None, coef0=0.0,
    decision_function_shape=ovr, degree=3, gamma=0.05, kernel=rbf,
    max_iter=-1, probability=True, random_state=None, shrinking=True, tol=0.001,
    verbose=False)
ACC_mean=0.6149000000000001
SN_mean=0.0
SP_mean=0.0
MCC_mean=0.4376102843477557
AUC_mean=0.0
Tue 12 May 2020 02:26:06 AM CSTSVC(C=1, break_ties=False, cache_size=200, class_weight=None, coef0=0.0,
    decision_function_shape=ovr, degree=3, gamma=0.05, kernel=rbf,
    max_iter=-1, probability=True, random_state=None, shrinking=True, tol=0.001,
    verbose=False)
ACC_mean=0.6149
SN_mean=0.0
SP_mean=0.0
MCC_mean=0.43761716855629795
AUC_mean=0.0
Sat 23 May 2020 12:31:30 AM CSTSVC(C=1, break_ties=False, cache_size=200, class_weight=None, coef0=0.0,
    decision_function_shape=ovr, degree=3, gamma=0.1, kernel=rbf,
    max_iter=-1, probability=True, random_state=None, shrinking=True, tol=0.001,
    verbose=False)
ACC_mean=0.7679142857142855
SN_mean=0.0
SP_mean=0.0
MCC_mean=0.7302200857753206
AUC_mean=0.0
Wed 27 May 2020 03:36:35 AM CSTSVC(C=1, break_ties=False, cache_size=200, class_weight=None, coef0=0.0,
    decision_function_shape=ovr, degree=3, gamma=0.5, kernel=rbf,
    max_iter=-1, probability=True, random_state=None, shrinking=True, tol=0.001,
    verbose=False)
ACC_mean=0.6945555555555556
SN_mean=0.0
SP_mean=0.0
MCC_mean=0.659527585737116
AUC_mean=0.0
